<?xml version="1.0" encoding="UTF-8"?>
<!-- Generated by org.testng.reporters.JUnitReportReporter -->
<testsuite hostname="DESKTOP-F33EGAS" failures="0" tests="1" name="com.crm.VtigerTest.pomCreateOrg.CreateConatctTest" time="83.509" errors="0" timestamp="2021-11-07T14:41:38 IST" skipped="0">
  <testcase classname="com.crm.VtigerTest.pomCreateOrg.CreateConatctTest" name="CreateConatctTest" time="83.509"/>
  <system-out/>
</testsuite> <!-- com.crm.VtigerTest.pomCreateOrg.CreateConatctTest -->
