<?xml version="1.0" encoding="UTF-8"?>
<!-- Generated by org.testng.reporters.JUnitReportReporter -->
<testsuite hostname="DESKTOP-F33EGAS" failures="0" tests="2" name="com.crm.VtigerTest.pomCreateOrg.CreateOrgWithContactTest" time="172.659" errors="0" timestamp="2021-11-08T15:03:37 IST" skipped="0">
  <testcase classname="com.crm.VtigerTest.pomCreateOrg.CreateOrgWithContactTest" name="CreateOrgWithContact" time="86.354"/>
  <system-out/>
  <testcase classname="com.crm.VtigerTest.pomCreateOrg.CreateOrgWithContactTest" name="CreateOrgWithContact" time="86.305"/>
  <system-out/>
</testsuite> <!-- com.crm.VtigerTest.pomCreateOrg.CreateOrgWithContactTest -->
