<?xml version="1.0" encoding="UTF-8"?>
<!-- Generated by org.testng.reporters.JUnitReportReporter -->
<testsuite hostname="DESKTOP-F33EGAS" failures="0" tests="2" name="seleniumQ.prioprity" time="0.021" errors="0" timestamp="2021-12-23T08:34:11 IST" skipped="0">
  <testcase classname="seleniumQ.prioprity" name="modifycreate" time="0.007"/>
  <system-out/>
  <testcase classname="seleniumQ.prioprity" name="deletecreate" time="0.014"/>
  <system-out/>
</testsuite> <!-- seleniumQ.prioprity -->
