<?xml version="1.0" encoding="UTF-8"?>
<!-- Generated by org.testng.reporters.JUnitReportReporter -->
<testsuite hostname="DESKTOP-F33EGAS" failures="0" tests="2" name="com.rmgAuthentification.preemptiveDigestiveAuth" time="7.242" errors="0" timestamp="2021-12-14T16:39:15 IST" skipped="0">
  <testcase classname="com.rmgAuthentification.preemptiveDigestiveAuth" name="digestive" time="6.869"/>
  <system-out/>
  <testcase classname="com.rmgAuthentification.preemptiveDigestiveAuth" name="preemptive" time="0.373"/>
  <system-out/>
</testsuite> <!-- com.rmgAuthentification.preemptiveDigestiveAuth -->
