<?xml version="1.0" encoding="UTF-8"?>
<!-- Generated by org.testng.reporters.JUnitReportReporter -->
<testsuite hostname="DESKTOP-F33EGAS" failures="0" tests="2" name="com.rmgResponseValidation.DataProvider" time="31.957" errors="0" timestamp="2021-12-14T16:50:58 IST" skipped="0">
  <testcase classname="com.rmgResponseValidation.DataProvider" name="create" time="31.516"/>
  <system-out/>
  <testcase classname="com.rmgResponseValidation.DataProvider" name="create" time="0.441"/>
  <system-out/>
</testsuite> <!-- com.rmgResponseValidation.DataProvider -->
