<?xml version="1.0" encoding="UTF-8"?>
<!-- Generated by org.testng.reporters.JUnitReportReporter -->
<testsuite hostname="DESKTOP-F33EGAS" failures="0" tests="1" name="com.crm.VtigerTest.pomCreateOrg.CreateContactTest" time="56.088" errors="0" timestamp="2021-11-08T15:22:18 IST" skipped="0">
  <testcase classname="com.crm.VtigerTest.pomCreateOrg.CreateContactTest" name="CreateConatctTest" time="56.088"/>
  <system-out/>
</testsuite> <!-- com.crm.VtigerTest.pomCreateOrg.CreateContactTest -->
