<?xml version="1.0" encoding="UTF-8"?>
<!-- Generated by org.testng.reporters.JUnitReportReporter -->
<testsuite hostname="DESKTOP-F33EGAS" failures="0" tests="1" name="practice1.HandlingDynamicTables" time="22.757" errors="0" timestamp="2021-11-10T15:05:15 IST" skipped="0">
  <testcase classname="practice1.HandlingDynamicTables" name="HandlingDynamicTables" time="22.757"/>
  <system-out/>
</testsuite> <!-- practice1.HandlingDynamicTables -->
