<?xml version="1.0" encoding="UTF-8"?>
<!-- Generated by org.testng.reporters.JUnitReportReporter -->
<testsuite hostname="DESKTOP-F33EGAS" failures="0" tests="1" name="com.rmgAuthentification.Basic" time="11.265" errors="0" timestamp="2021-12-14T16:35:16 IST" skipped="0">
  <testcase classname="com.rmgAuthentification.Basic" name="basicAuth" time="11.265"/>
  <system-out/>
</testsuite> <!-- com.rmgAuthentification.Basic -->
