<?xml version="1.0" encoding="UTF-8"?>
<!-- Generated by org.testng.reporters.JUnitReportReporter -->
<testsuite hostname="DESKTOP-F33EGAS" failures="0" tests="1" name="com.crm.VtigerTest.pomCreateOrg.CreateOrgWithIndustryType" time="34.693" errors="0" timestamp="2021-11-07T15:12:50 IST" skipped="0">
  <testcase classname="com.crm.VtigerTest.pomCreateOrg.CreateOrgWithIndustryType" name="createOrgWithIndustries" time="34.693"/>
  <system-out/>
</testsuite> <!-- com.crm.VtigerTest.pomCreateOrg.CreateOrgWithIndustryType -->
