<?xml version="1.0" encoding="UTF-8"?>
<!-- Generated by org.testng.reporters.JUnitReportReporter -->
<testsuite hostname="DESKTOP-F33EGAS" failures="0" tests="1" name="com.rmgAuthentification.OauthTwo" time="9.166" errors="0" timestamp="2021-12-14T16:38:54 IST" skipped="0">
  <testcase classname="com.rmgAuthentification.OauthTwo" name="auth" time="9.166"/>
  <system-out/>
</testsuite> <!-- com.rmgAuthentification.OauthTwo -->
