<?xml version="1.0" encoding="UTF-8"?>
<!-- Generated by org.testng.reporters.JUnitReportReporter -->
<testsuite hostname="DESKTOP-F33EGAS" failures="0" tests="3" name="seleniumQ.dependsonMethods$prioprity" time="0.026" errors="0" timestamp="2021-12-23T08:03:49 IST" skipped="0">
  <testcase classname="seleniumQ.dependsonMethods$prioprity" name="modifycreate" time="0.003"/>
  <system-out/>
  <testcase classname="seleniumQ.dependsonMethods$prioprity" name="deletecreate" time="0.005"/>
  <system-out/>
  <testcase classname="seleniumQ.dependsonMethods$prioprity" name="create" time="0.018"/>
  <system-out/>
</testsuite> <!-- seleniumQ.dependsonMethods$prioprity -->
