<?xml version="1.0" encoding="UTF-8"?>
<!-- Generated by org.testng.reporters.JUnitReportReporter -->
<testsuite hostname="DESKTOP-F33EGAS" failures="0" tests="1" name="com.crm.VtigerTest.pomCreateOrg.CreateOrgWithIndustryTypeTest" time="51.731" errors="0" timestamp="2021-11-08T13:10:49 IST" skipped="0">
  <testcase classname="com.crm.VtigerTest.pomCreateOrg.CreateOrgWithIndustryTypeTest" name="createOrgWithIndustries" time="51.731"/>
  <system-out/>
</testsuite> <!-- com.crm.VtigerTest.pomCreateOrg.CreateOrgWithIndustryTypeTest -->
